2015-03-17 16:23:11 [ main ] Root WebApplicationContext: initialization started
2015-03-17 16:23:12 [ main ] Refreshing Root WebApplicationContext: startup date [Tue Mar 17 16:23:11 CST 2015]; root of context hierarchy
2015-03-17 16:23:12 [ main ] Loading XML bean definitions from ServletContext resource [/WEB-INF/applicationContext.xml]
2015-03-17 16:23:13 [ main ] Root WebApplicationContext: initialization completed in 1451 ms
2015-03-17 16:23:13 [ main ] FrameworkServlet 'simple': initialization started
2015-03-17 16:23:13 [ main ] Refreshing WebApplicationContext for namespace 'simple-servlet': startup date [Tue Mar 17 16:23:13 CST 2015]; parent: Root WebApplicationContext
2015-03-17 16:23:13 [ main ] Loading XML bean definitions from ServletContext resource [/WEB-INF/simple-servlet.xml]
2015-03-17 16:23:13 [ main ] Mapped URL path [/simple/chat] onto handler 'chatController'
2015-03-17 16:23:13 [ main ] Mapped URL path [/simple/chat.*] onto handler 'chatController'
2015-03-17 16:23:13 [ main ] Mapped URL path [/simple/chat/] onto handler 'chatController'
2015-03-17 16:23:13 [ main ] Mapped URL path [/simple/getchat] onto handler 'chatController'
2015-03-17 16:23:13 [ main ] Mapped URL path [/simple/getchat.*] onto handler 'chatController'
2015-03-17 16:23:13 [ main ] Mapped URL path [/simple/getchat/] onto handler 'chatController'
2015-03-17 16:23:13 [ main ] Mapped URL path [/friend/getList] onto handler 'friendController'
2015-03-17 16:23:13 [ main ] Mapped URL path [/friend/getList.*] onto handler 'friendController'
2015-03-17 16:23:13 [ main ] Mapped URL path [/friend/getList/] onto handler 'friendController'
2015-03-17 16:23:13 [ main ] Mapped URL path [/friend/search] onto handler 'friendController'
2015-03-17 16:23:13 [ main ] Mapped URL path [/friend/search.*] onto handler 'friendController'
2015-03-17 16:23:13 [ main ] Mapped URL path [/friend/search/] onto handler 'friendController'
2015-03-17 16:23:13 [ main ] Mapped URL path [/friend/add] onto handler 'friendController'
2015-03-17 16:23:13 [ main ] Mapped URL path [/friend/add.*] onto handler 'friendController'
2015-03-17 16:23:13 [ main ] Mapped URL path [/friend/add/] onto handler 'friendController'
2015-03-17 16:23:13 [ main ] Mapped URL path [/friend/enterMsg] onto handler 'friendController'
2015-03-17 16:23:13 [ main ] Mapped URL path [/friend/enterMsg.*] onto handler 'friendController'
2015-03-17 16:23:13 [ main ] Mapped URL path [/friend/enterMsg/] onto handler 'friendController'
2015-03-17 16:23:13 [ main ] Mapped URL path [/simple/login] onto handler 'indexController'
2015-03-17 16:23:13 [ main ] Mapped URL path [/simple/login.*] onto handler 'indexController'
2015-03-17 16:23:13 [ main ] Mapped URL path [/simple/login/] onto handler 'indexController'
2015-03-17 16:23:13 [ main ] Mapped URL path [/simple/signup] onto handler 'indexController'
2015-03-17 16:23:13 [ main ] Mapped URL path [/simple/signup.*] onto handler 'indexController'
2015-03-17 16:23:13 [ main ] Mapped URL path [/simple/signup/] onto handler 'indexController'
2015-03-17 16:23:13 [ main ] Mapped URL path [/simple/sign] onto handler 'indexController'
2015-03-17 16:23:13 [ main ] Mapped URL path [/simple/sign.*] onto handler 'indexController'
2015-03-17 16:23:13 [ main ] Mapped URL path [/simple/sign/] onto handler 'indexController'
2015-03-17 16:23:13 [ main ] Mapped URL path [/message/getMessageList] onto handler 'messageController'
2015-03-17 16:23:13 [ main ] Mapped URL path [/message/getMessageList.*] onto handler 'messageController'
2015-03-17 16:23:13 [ main ] Mapped URL path [/message/getMessageList/] onto handler 'messageController'
2015-03-17 16:23:13 [ main ] Mapped URL path [/message/add] onto handler 'messageController'
2015-03-17 16:23:13 [ main ] Mapped URL path [/message/add.*] onto handler 'messageController'
2015-03-17 16:23:13 [ main ] Mapped URL path [/message/add/] onto handler 'messageController'
2015-03-17 16:23:13 [ main ] Mapped URL path [/themes/**] onto handler 'org.springframework.web.servlet.resource.ResourceHttpRequestHandler#0'
2015-03-17 16:23:13 [ main ] Mapped URL path [/scripts/**] onto handler 'org.springframework.web.servlet.resource.ResourceHttpRequestHandler#1'
2015-03-17 16:23:13 [ main ] Mapped URL path [/styles/**] onto handler 'org.springframework.web.servlet.resource.ResourceHttpRequestHandler#2'
2015-03-17 16:23:13 [ main ] Mapped URL path [/images/**] onto handler 'org.springframework.web.servlet.resource.ResourceHttpRequestHandler#3'
2015-03-17 16:23:13 [ main ] Mapped URL path [/**] onto handler 'org.springframework.web.servlet.resource.DefaultServletHttpRequestHandler#0'
2015-03-17 16:23:13 [ main ] Root mapping to handler of type [class org.springframework.web.servlet.mvc.ParameterizableViewController]
2015-03-17 16:23:14 [ main ] FrameworkServlet 'simple': initialization completed in 719 ms
